<!DOCTYPE html>
<html>
<head>
<meta http-equiv="Content-Type" content="text/html; charset=utf-8"/>
<meta http-equiv="x-ua-compatible" content="IE=edge"/>
<title>Test results - Class edu.vandy.simulator.Assignment_1A_IntegratedTest</title>
<link href="../css/base-style.css" rel="stylesheet" type="text/css"/>
<link href="../css/style.css" rel="stylesheet" type="text/css"/>
<script src="../js/report.js" type="text/javascript"></script>
</head>
<body>
<div id="content">
<h1>Class edu.vandy.simulator.Assignment_1A_IntegratedTest</h1>
<div class="breadcrumbs">
<a href="../index.html">all</a> &gt; 
<a href="../packages/edu.vandy.simulator.html">edu.vandy.simulator</a> &gt; Assignment_1A_IntegratedTest</div>
<div id="summary">
<table>
<tr>
<td>
<div class="summaryGroup">
<table>
<tr>
<td>
<div class="infoBox" id="tests">
<div class="counter">2</div>
<p>tests</p>
</div>
</td>
<td>
<div class="infoBox" id="failures">
<div class="counter">2</div>
<p>failures</p>
</div>
</td>
<td>
<div class="infoBox" id="ignored">
<div class="counter">0</div>
<p>ignored</p>
</div>
</td>
<td>
<div class="infoBox" id="duration">
<div class="counter">0.025s</div>
<p>duration</p>
</div>
</td>
</tr>
</table>
</div>
</td>
<td>
<div class="infoBox failures" id="successRate">
<div class="percent">0%</div>
<p>successful</p>
</div>
</td>
</tr>
</table>
</div>
<div id="tabs">
<ul class="tabLinks">
<li>
<a href="#tab0">Failed tests</a>
</li>
<li>
<a href="#tab1">Tests</a>
</li>
</ul>
<div id="tab0" class="tab">
<h2>Failed tests</h2>
<div class="test">
<a name="normalTest"></a>
<h3 class="failures">normalTest</h3>
<span class="code">
<pre>java.lang.IllegalStateException: Being[101] only completed [0/10] iterations.
Being[102] only completed [0/10] iterations.
Being[103] only completed [0/10] iterations.
Being[104] only completed [0/10] iterations.
Being[105] only completed [0/10] iterations.
Being[106] only completed [0/10] iterations.
Being[107] only completed [0/10] iterations.
Being[108] only completed [0/10] iterations.
Being[109] only completed [0/10] iterations.
Being[110] only completed [0/10] iterations.
	at edu.vandy.simulator.Simulator.require(Simulator.java:698)
	at edu.vandy.simulator.Simulator.validateEndState(Simulator.java:376)
	at edu.vandy.simulator.Simulator.start(Simulator.java:274)
	at admin.TestHelper.buildModelAndRun(TestHelper.kt:225)
	at admin.TestHelper.buildModelAndRun(TestHelper.kt:191)
	at admin.TestHelper.testStrategy(TestHelper.kt:76)
	at admin.AssignmentIntegratedTest.normalTest(AssignmentIntegratedTest.kt:22)
	at edu.vandy.simulator.Assignment_1A_IntegratedTest.normalTest(Assignment_1A_IntegratedTest.kt:21)
	at java.base/jdk.internal.reflect.NativeMethodAccessorImpl.invoke0(Native Method)
	at java.base/jdk.internal.reflect.NativeMethodAccessorImpl.invoke(NativeMethodAccessorImpl.java:62)
	at java.base/jdk.internal.reflect.DelegatingMethodAccessorImpl.invoke(DelegatingMethodAccessorImpl.java:43)
	at java.base/java.lang.reflect.Method.invoke(Method.java:566)
	at org.junit.runners.model.FrameworkMethod$1.runReflectiveCall(FrameworkMethod.java:59)
	at org.junit.internal.runners.model.ReflectiveCallable.run(ReflectiveCallable.java:12)
	at org.junit.runners.model.FrameworkMethod.invokeExplosively(FrameworkMethod.java:56)
	at org.junit.internal.runners.statements.InvokeMethod.evaluate(InvokeMethod.java:17)
	at org.junit.internal.runners.statements.RunBefores.evaluate(RunBefores.java:26)
	at org.junit.internal.runners.statements.RunAfters.evaluate(RunAfters.java:27)
	at org.mockito.internal.junit.JUnitSessionStore$1.evaluateSafely(JUnitSessionStore.java:55)
	at org.mockito.internal.junit.JUnitSessionStore$1.evaluate(JUnitSessionStore.java:43)
	at admin.AssignmentTests$mockkRule$1$1.evaluate(AssignmentTests.kt:51)
	at org.junit.internal.runners.statements.FailOnTimeout$CallableStatement.call(FailOnTimeout.java:299)
	at org.junit.internal.runners.statements.FailOnTimeout$CallableStatement.call(FailOnTimeout.java:293)
	at java.base/java.util.concurrent.FutureTask.run(FutureTask.java:264)
	at java.base/java.lang.Thread.run(Thread.java:834)
</pre>
</span>
</div>
<div class="test">
<a name="stressTest"></a>
<h3 class="failures">stressTest</h3>
<span class="code">
<pre>java.lang.IllegalStateException: Being[101] only completed [0/50] iterations.
Being[102] only completed [0/50] iterations.
Being[103] only completed [0/50] iterations.
Being[104] only completed [0/50] iterations.
Being[105] only completed [0/50] iterations.
Being[106] only completed [0/50] iterations.
Being[107] only completed [0/50] iterations.
Being[108] only completed [0/50] iterations.
Being[109] only completed [0/50] iterations.
Being[110] only completed [0/50] iterations.
Being[111] only completed [0/50] iterations.
Being[112] only completed [0/50] iterations.
Being[113] only completed [0/50] iterations.
Being[114] only completed [0/50] iterations.
Being[115] only completed [0/50] iterations.
Being[116] only completed [0/50] iterations.
Being[117] only completed [0/50] iterations.
Being[118] only completed [0/50] iterations.
Being[119] only completed [0/50] iterations.
Being[120] only completed [0/50] iterations.
Being[121] only completed [0/50] iterations.
Being[122] only completed [0/50] iterations.
Being[123] only completed [0/50] iterations.
Being[124] only completed [0/50] iterations.
Being[125] only completed [0/50] iterations.
Being[126] only completed [0/50] iterations.
Being[127] only completed [0/50] iterations.
Being[128] only completed [0/50] iterations.
Being[129] only completed [0/50] iterations.
Being[130] only completed [0/50] iterations.
Being[131] only completed [0/50] iterations.
Being[132] only completed [0/50] iterations.
Being[133] only completed [0/50] iterations.
Being[134] only completed [0/50] iterations.
Being[135] only completed [0/50] iterations.
Being[136] only completed [0/50] iterations.
Being[137] only completed [0/50] iterations.
Being[138] only completed [0/50] iterations.
Being[139] only completed [0/50] iterations.
Being[140] only completed [0/50] iterations.
Being[141] only completed [0/50] iterations.
Being[142] only completed [0/50] iterations.
Being[143] only completed [0/50] iterations.
Being[144] only completed [0/50] iterations.
Being[145] only completed [0/50] iterations.
Being[146] only completed [0/50] iterations.
Being[147] only completed [0/50] iterations.
Being[148] only completed [0/50] iterations.
Being[149] only completed [0/50] iterations.
Being[150] only completed [0/50] iterations.
	at edu.vandy.simulator.Simulator.require(Simulator.java:698)
	at edu.vandy.simulator.Simulator.validateEndState(Simulator.java:376)
	at edu.vandy.simulator.Simulator.start(Simulator.java:274)
	at admin.TestHelper.buildModelAndRun(TestHelper.kt:225)
	at admin.TestHelper.buildModelAndRun(TestHelper.kt:191)
	at admin.TestHelper.testStrategy(TestHelper.kt:76)
	at admin.AssignmentIntegratedTest.stressTest(AssignmentIntegratedTest.kt:37)
	at edu.vandy.simulator.Assignment_1A_IntegratedTest.stressTest(Assignment_1A_IntegratedTest.kt:26)
	at java.base/jdk.internal.reflect.NativeMethodAccessorImpl.invoke0(Native Method)
	at java.base/jdk.internal.reflect.NativeMethodAccessorImpl.invoke(NativeMethodAccessorImpl.java:62)
	at java.base/jdk.internal.reflect.DelegatingMethodAccessorImpl.invoke(DelegatingMethodAccessorImpl.java:43)
	at java.base/java.lang.reflect.Method.invoke(Method.java:566)
	at org.junit.runners.model.FrameworkMethod$1.runReflectiveCall(FrameworkMethod.java:59)
	at org.junit.internal.runners.model.ReflectiveCallable.run(ReflectiveCallable.java:12)
	at org.junit.runners.model.FrameworkMethod.invokeExplosively(FrameworkMethod.java:56)
	at org.junit.internal.runners.statements.InvokeMethod.evaluate(InvokeMethod.java:17)
	at org.junit.internal.runners.statements.RunBefores.evaluate(RunBefores.java:26)
	at org.junit.internal.runners.statements.RunAfters.evaluate(RunAfters.java:27)
	at org.mockito.internal.junit.JUnitSessionStore$1.evaluateSafely(JUnitSessionStore.java:55)
	at org.mockito.internal.junit.JUnitSessionStore$1.evaluate(JUnitSessionStore.java:43)
	at admin.AssignmentTests$mockkRule$1$1.evaluate(AssignmentTests.kt:51)
	at org.junit.internal.runners.statements.FailOnTimeout$CallableStatement.call(FailOnTimeout.java:299)
	at org.junit.internal.runners.statements.FailOnTimeout$CallableStatement.call(FailOnTimeout.java:293)
	at java.base/java.util.concurrent.FutureTask.run(FutureTask.java:264)
	at java.base/java.lang.Thread.run(Thread.java:834)
</pre>
</span>
</div>
</div>
<div id="tab1" class="tab">
<h2>Tests</h2>
<table>
<thead>
<tr>
<th>Test</th>
<th>Duration</th>
<th>Result</th>
</tr>
</thead>
<tr>
<td class="failures">normalTest</td>
<td class="failures">0.019s</td>
<td class="failures">failed</td>
</tr>
<tr>
<td class="failures">stressTest</td>
<td class="failures">0.006s</td>
<td class="failures">failed</td>
</tr>
</table>
</div>
</div>
<div id="footer">
<p>
<div>
<label class="hidden" id="label-for-line-wrapping-toggle" for="line-wrapping-toggle">Wrap lines
<input id="line-wrapping-toggle" type="checkbox" autocomplete="off"/>
</label>
</div>Generated by 
<a href="http://www.gradle.org">Gradle 7.0.2</a> at Jan 20, 2022, 11:00:16 PM</p>
</div>
</div>
</body>
</html>
